<?xml version="1.0" encoding="UTF-8" standalone="no"?>
<testsuite failures="4" name="cucumber.runtime.formatter.JUnitFormatter" skipped="0" tests="4" time="0">
<testcase classname="Login Page" name="Try to login with admin and lower level users checking the menu we receive." time="0">
<failure message="The scenario has pending or undefined step(s)"><![CDATA[Given User should Open chrome brows.........................................undefined
When User will Open Application URL.........................................skipped
Then User will Enter UserName and Password  and click on login button.......skipped
Then Validate the DashBoard URL.............................................skipped
]]></failure>
</testcase>
<testcase classname="Login Page" name="Verify Home page widgets and graphs" time="0">
<failure message="The scenario has pending or undefined step(s)"><![CDATA[Given User should Open chrome brows.........................................undefined
When User will Open Application URL.........................................skipped
Then User will Enter UserName and Password  and click on login button.......skipped
Then User should be in home page............................................undefined
Then verify widgets on Home page............................................undefined
Then verify graphs on home page.............................................undefined
]]></failure>
</testcase>
<testcase classname="Login Page" name="Verify Operational Data Dashboard widgets and charts" time="0">
<failure message="The scenario has pending or undefined step(s)"><![CDATA[Given User should Open chrome brows.........................................undefined
When User will Open Application URL.........................................skipped
Then User will Enter UserName and Password  and click on login button.......skipped
Then User should be in home page............................................undefined
Then Navigate to Operantional data page.....................................undefined
Then verify charts on operational data page.................................undefined
]]></failure>
</testcase>
<testcase classname="Login Page" name="Verify Operational Data Dashboard widgets and charts" time="0">
<failure message="The scenario has pending or undefined step(s)"><![CDATA[Given User should Open chrome brows.........................................undefined
When User will Open Application URL.........................................skipped
Then User will Enter UserName and Password  and click on login button.......skipped
Then User should be in home page............................................undefined
Then Navigate to Operantional data page.....................................undefined
Then verify charts on operational data page.................................undefined
]]></failure>
</testcase>
</testsuite>
